{"Node Type": "Aggregate", "Strategy": "Sorted", "Partial Mode": "Finalize", "Parallel Aware": false, "Async Capable": false, "Startup Cost": 193834.07, "Total Cost": 193835.0, "Plan Rows": 6, "Plan Width": 68, "Group Key": ["returnflag", "linestatus"], "Plans": [{"Node Type": "Sort", "Parent Relationship": "Outer", "Parallel Aware": false, "Async Capable": false, "Startup Cost": 193834.07, "Total Cost": 193834.15, "Plan Rows": 30, "Plan Width": 140, "Sort Key": ["returnflag", "linestatus"], "Plans": [{"Node Type": "Gather", "Parent Relationship": "Outer", "Parallel Aware": false, "Async Capable": false, "Startup Cost": 193830.28, "Total Cost": 193833.34, "Plan Rows": 30, "Plan Width": 140, "Workers Planned": 5, "Single Copy": false, "Plans": [{"Node Type": "Aggregate", "Strategy": "Hashed", "Partial Mode": "Partial", "Parent Relationship": "Outer", "Parallel Aware": false, "Async Capable": false, "Startup Cost": 192830.28, "Total Cost": 192830.34, "Plan Rows": 6, "Plan Width": 140, "Group Key": ["returnflag", "linestatus"], "Planned Partitions": 0, "Plans": [{"Node Type": "Seq Scan", "Parent Relationship": "Outer", "Parallel Aware": true, "Async Capable": false, "Relation Name": "lineitem", "Alias": "l", "Startup Cost": 0.0, "Total Cost": 145497.04, "Plan Rows": 1183331, "Plan Width": 36, "Filter": "(shipdate <= '1998-09-02 00:00:00'::timestamp without time zone)"}]}]}]}]}