#include <string>
//---------------------------------------------------------------------------
namespace data {
//---------------------------------------------------------------------------
namespace postgres {
static constexpr const char *plan_a = R"JSON({"Node Type": "Limit", "Parallel Aware": false, "Async Capable": false, "Startup Cost": 10000780017.83, "Total Cost": 10000780018.08, "Plan Rows": 100, "Plan Width": 55, "Plans": [{"Node Type": "Sort", "Parent Relationship": "Outer", "Parallel Aware": false, "Async Capable": false, "Startup Cost": 10000780017.83, "Total Cost": 10000784118.45, "Plan Rows": 1640248, "Plan Width": 55, "Sort Key": ["o.totalprice DESC", "o.orderdate"], "Plans": [{"Node Type": "Aggregate", "Strategy": "Hashed", "Partial Mode": "Simple", "Parent Relationship": "Outer", "Parallel Aware": false, "Async Capable": false, "Startup Cost": 668890.16, "Total Cost": 717328.73, "Plan Rows": 1640248, "Plan Width": 55, "Group Key": ["c.custkey", "o.orderkey"], "Planned Partitions": 64, "Plans": [{"Node Type": "Gather", "Parent Relationship": "Outer", "Parallel Aware": false, "Async Capable": false, "Startup Cost": 6120.54, "Total Cost": 588543.64, "Plan Rows": 1640248, "Plan Width": 55, "Workers Planned": 4, "Single Copy": false, "Plans": [{"Node Type": "Nested Loop", "Parent Relationship": "Outer", "Parallel Aware": false, "Async Capable": false, "Join Type": "Inner", "Startup Cost": 5120.54, "Total Cost": 423518.84, "Plan Rows": 410062, "Plan Width": 55, "Inner Unique": false, "Plans": [{"Node Type": "Hash Join", "Parent Relationship": "Outer", "Parallel Aware": true, "Async Capable": false, "Join Type": "Inner", "Startup Cost": 5120.11, "Total Cost": 353551.95, "Plan Rows": 102495, "Plan Width": 55, "Inner Unique": true, "Hash Cond": "(o.custkey = c.custkey)", "Plans": [{"Node Type": "Merge Join", "Parent Relationship": "Outer", "Parallel Aware": false, "Async Capable": false, "Join Type": "Inner", "Startup Cost": 0.86, "Total Cost": 348163.64, "Plan Rows": 102495, "Plan Width": 36, "Inner Unique": true, "Merge Cond": "(o.orderkey = l2.orderkey)", "Plans": [{"Node Type": "Index Scan", "Parent Relationship": "Outer", "Parallel Aware": true, "Async Capable": false, "Scan Direction": "Forward", "Index Name": "orderpkey", "Relation Name": "orders", "Alias": "o", "Startup Cost": 0.43, "Total Cost": 44062.13, "Plan Rows": 375000, "Plan Width": 28}, {"Node Type": "Aggregate", "Strategy": "Sorted", "Partial Mode": "Simple", "Parent Relationship": "Inner", "Parallel Aware": false, "Async Capable": false, "Startup Cost": 0.43, "Total Cost": 297014.33, "Plan Rows": 409979, "Plan Width": 8, "Group Key": ["l2.orderkey"], "Filter": "(sum(l2.quantity) > '300'::double precision)", "Plans": [{"Node Type": "Index Scan", "Parent Relationship": "Outer", "Parallel Aware": false, "Async Capable": false, "Scan Direction": "Forward", "Index Name": "lineitem_pkey", "Relation Name": "lineitem", "Alias": "l2", "Startup Cost": 0.43, "Total Cost": 251634.03, "Plan Rows": 6001215, "Plan Width": 16}]}]}, {"Node Type": "Hash", "Parent Relationship": "Inner", "Parallel Aware": true, "Async Capable": false, "Startup Cost": 4338.0, "Total Cost": 4338.0, "Plan Rows": 62500, "Plan Width": 27, "Plans": [{"Node Type": "Seq Scan", "Parent Relationship": "Outer", "Parallel Aware": true, "Async Capable": false, "Relation Name": "customer", "Alias": "c", "Startup Cost": 0.0, "Total Cost": 4338.0, "Plan Rows": 62500, "Plan Width": 27}]}]}, {"Node Type": "Index Scan", "Parent Relationship": "Inner", "Parallel Aware": false, "Async Capable": false, "Scan Direction": "Forward", "Index Name": "lineitem_pkey", "Relation Name": "lineitem", "Alias": "l", "Startup Cost": 0.43, "Total Cost": 0.63, "Plan Rows": 5, "Plan Width": 16, "Index Cond": "(orderkey = o.orderkey)"}]}]}]}]}]})JSON";
static constexpr const char *plan_b = R"JSON({"Node Type": "Limit", "Parallel Aware": false, "Async Capable": false, "Startup Cost": 753464.85, "Total Cost": 753465.1, "Plan Rows": 100, "Plan Width": 55, "Plans": [{"Node Type": "Sort", "Parent Relationship": "Outer", "Parallel Aware": false, "Async Capable": false, "Startup Cost": 753464.85, "Total Cost": 757565.47, "Plan Rows": 1640248, "Plan Width": 55, "Sort Key": ["o.totalprice DESC", "o.orderdate"], "Plans": [{"Node Type": "Aggregate", "Strategy": "Sorted", "Partial Mode": "Simple", "Parent Relationship": "Outer", "Parallel Aware": false, "Async Capable": false, "Startup Cost": 379549.21, "Total Cost": 690775.75, "Plan Rows": 1640248, "Plan Width": 55, "Group Key": ["c.custkey", "o.orderkey"], "Plans": [{"Node Type": "Gather Merge", "Parent Relationship": "Outer", "Parallel Aware": false, "Async Capable": false, "Startup Cost": 379549.21, "Total Cost": 662071.41, "Plan Rows": 1640248, "Plan Width": 55, "Workers Planned": 4, "Plans": [{"Node Type": "Incremental Sort", "Parent Relationship": "Outer", "Parallel Aware": false, "Async Capable": false, "Startup Cost": 378549.16, "Total Cost": 465702.0, "Plan Rows": 410062, "Plan Width": 55, "Sort Key": ["c.custkey", "o.orderkey"], "Presorted Key": ["c.custkey"], "Plans": [{"Node Type": "Nested Loop", "Parent Relationship": "Outer", "Parallel Aware": false, "Async Capable": false, "Join Type": "Inner", "Startup Cost": 378548.63, "Total Cost": 450802.49, "Plan Rows": 410062, "Plan Width": 55, "Inner Unique": false, "Plans": [{"Node Type": "Merge Join", "Parent Relationship": "Outer", "Parallel Aware": false, "Async Capable": false, "Join Type": "Inner", "Startup Cost": 378548.2, "Total Cost": 380835.6, "Plan Rows": 102495, "Plan Width": 55, "Inner Unique": true, "Merge Cond": "(o.custkey = c.custkey)", "Plans": [{"Node Type": "Sort", "Parent Relationship": "Outer", "Parallel Aware": false, "Async Capable": false, "Startup Cost": 358335.94, "Total Cost": 358592.17, "Plan Rows": 102495, "Plan Width": 36, "Sort Key": ["o.custkey"], "Plans": [{"Node Type": "Merge Join", "Parent Relationship": "Outer", "Parallel Aware": false, "Async Capable": false, "Join Type": "Inner", "Startup Cost": 0.86, "Total Cost": 348163.64, "Plan Rows": 102495, "Plan Width": 36, "Inner Unique": true, "Merge Cond": "(o.orderkey = l2.orderkey)", "Plans": [{"Node Type": "Index Scan", "Parent Relationship": "Outer", "Parallel Aware": true, "Async Capable": false, "Scan Direction": "Forward", "Index Name": "orderpkey", "Relation Name": "orders", "Alias": "o", "Startup Cost": 0.43, "Total Cost": 44062.13, "Plan Rows": 375000, "Plan Width": 28}, {"Node Type": "Aggregate", "Strategy": "Sorted", "Partial Mode": "Simple", "Parent Relationship": "Inner", "Parallel Aware": false, "Async Capable": false, "Startup Cost": 0.43, "Total Cost": 297014.33, "Plan Rows": 409979, "Plan Width": 8, "Group Key": ["l2.orderkey"], "Filter": "(sum(l2.quantity) > '300'::double precision)", "Plans": [{"Node Type": "Index Scan", "Parent Relationship": "Outer", "Parallel Aware": false, "Async Capable": false, "Scan Direction": "Forward", "Index Name": "lineitem_pkey", "Relation Name": "lineitem", "Alias": "l2", "Startup Cost": 0.43, "Total Cost": 251634.03, "Plan Rows": 6001215, "Plan Width": 16}]}]}]}, {"Node Type": "Sort", "Parent Relationship": "Inner", "Parallel Aware": false, "Async Capable": false, "Startup Cost": 20212.25, "Total Cost": 20587.25, "Plan Rows": 150000, "Plan Width": 27, "Sort Key": ["c.custkey"], "Plans": [{"Node Type": "Seq Scan", "Parent Relationship": "Outer", "Parallel Aware": false, "Async Capable": false, "Relation Name": "customer", "Alias": "c", "Startup Cost": 0.0, "Total Cost": 5213.0, "Plan Rows": 150000, "Plan Width": 27}]}]}, {"Node Type": "Index Scan", "Parent Relationship": "Inner", "Parallel Aware": false, "Async Capable": false, "Scan Direction": "Forward", "Index Name": "lineitem_pkey", "Relation Name": "lineitem", "Alias": "l", "Startup Cost": 0.43, "Total Cost": 0.63, "Plan Rows": 5, "Plan Width": 16, "Index Cond": "(orderkey = o.orderkey)"}]}]}]}]}]}]})JSON";
}// namespace postgres
//---------------------------------------------------------------------------
namespace presto {
static constexpr const char *plan_a = R"JSON({"id":"18","name":"Output","identifier":"[custkey, name, revenue, acctbal, name, address, phone, comment]","details":"revenue := sum (5:9)\nname := name_7 (7:9)\n","children":[{"id":"621","name":"TopN","identifier":"[20 by (sum DESC_NULLS_LAST)]","details":"","children":[{"id":"822","name":"LocalExchange","identifier":"[SINGLE] ()","details":"","children":[{"id":"720","name":"RemoteStreamingExchange","identifier":"[GATHER]","details":"","children":[{"id":"620","name":"TopNPartial","identifier":"[20 by (sum DESC_NULLS_LAST)]","details":"","children":[{"id":"918","name":"Project","identifier":"[projectLocality = LOCAL]","details":"","children":[{"id":"10","name":"Aggregate(FINAL)[custkey, name, acctbal, phone, name_7, address, comment][$hashvalue]","identifier":"","details":"sum := \"presto.default.sum\"((sum_54)) (5:9)\n","children":[{"id":"852","name":"LocalExchange","identifier":"[HASH][$hashvalue] (custkey, name, acctbal, phone, name_7, address, comment)","details":"","children":[{"id":"858","name":"RemoteStreamingExchange","identifier":"[REPARTITION][$hashvalue_55]","details":"","children":[{"id":"856","name":"Aggregate(PARTIAL)[custkey, name, acctbal, phone, name_7, address, comment][$hashvalue_67]","identifier":"","details":"sum_54 := \"presto.default.sum\"((expr_16)) (5:9)\n","children":[{"id":"8","name":"Project","identifier":"[projectLocality = LOCAL]","details":"expr_16 := (extendedprice) * ((DOUBLE'1.0') - (discount)) (14:11)\n$hashvalue_67 := combine_hash(combine_hash(combine_hash(combine_hash(combine_hash(combine_hash(combine_hash(BIGINT'0', COALESCE($operator$hash_code(custkey), BIGINT'0')), COALESCE($operator$hash_code(name), BIGINT'0')), COALESCE($operator$hash_code(acctbal), BIGINT'0')), COALESCE($operator$hash_code(phone), BIGINT'0')), COALESCE($operator$hash_code(name_7), BIGINT'0')), COALESCE($operator$hash_code(address), BIGINT'0')), COALESCE($operator$hash_code(comment), BIGINT'0')) (12:10)\n","children":[{"id":"643","name":"InnerJoin","identifier":"[(\"nationkey\" = \"nationkey_6\")][$hashvalue_63, $hashvalue_64]","details":"Distribution: REPLICATED\n","children":[{"id":"916","name":"Project","identifier":"[projectLocality = LOCAL]","details":"$hashvalue_63 := combine_hash(BIGINT'0', COALESCE($operator$hash_code(nationkey), BIGINT'0')) (12:11)\n","children":[{"id":"641","name":"InnerJoin","identifier":"[(\"custkey\" = \"custkey_0\")][$hashvalue_56, $hashvalue_57]","details":"Distribution: REPLICATED\n","children":[{"id":"914","name":"ScanProject","identifier":"[table = TableHandle {connectorId='tpch', connectorHandle='customer:sf0.01', layout='Optional[customer:sf0.01]'}, projectLocality = LOCAL]","details":"$hashvalue_56 := combine_hash(BIGINT'0', COALESCE($operator$hash_code(custkey), BIGINT'0')) (12:11)\ncomment := tpch:comment (12:9)\nnationkey := tpch:nationkey (12:9)\nname := tpch:name (12:9)\nacctbal := tpch:acctbal (12:9)\nphone := tpch:phone (12:9)\ncustkey := tpch:custkey (12:9)\naddress := tpch:address (12:9)\n","children":[],"remoteSources":[]},{"id":"819","name":"LocalExchange","identifier":"[HASH][$hashvalue_57] (custkey_0)","details":"","children":[{"id":"717","name":"RemoteStreamingExchange","identifier":"[REPLICATE]","details":"","children":[{"id":"915","name":"Project","identifier":"[projectLocality = LOCAL]","details":"$hashvalue_62 := combine_hash(BIGINT'0', COALESCE($operator$hash_code(custkey_0), BIGINT'0')) (13:9)\n","children":[{"id":"640","name":"InnerJoin","identifier":"[(\"orderkey_3\" = \"orderkey\")][$hashvalue_59, $hashvalue_60]","details":"Distribution: PARTITIONED\n","children":[{"id":"314","name":"ScanFilterProject","identifier":"[table = TableHandle {connectorId='tpch', connectorHandle='lineitem:sf0.01', layout='Optional[lineitem:sf0.01]'}, filterPredicate = (returnflag) = (VARCHAR'R'), projectLocality = LOCAL]","details":"$hashvalue_59 := combine_hash(BIGINT'0', COALESCE($operator$hash_code(orderkey_3), BIGINT'0')) (14:9)\nextendedprice := tpch:extendedprice (14:9)\nreturnflag := tpch:returnflag (14:9)\norderkey_3 := tpch:orderkey (14:9)\ndiscount := tpch:discount (14:9)\n","children":[],"remoteSources":[]},{"id":"818","name":"LocalExchange","identifier":"[HASH][$hashvalue_60] (orderkey)","details":"","children":[{"id":"311","name":"ScanFilterProject","identifier":"[table = TableHandle {connectorId='tpch', connectorHandle='orders:sf0.01', layout='Optional[orders:sf0.01]'}, filterPredicate = ((orderdate) >= (DATE'1993-10-01')) AND ((orderdate) < (DATE'1994-01-01')), projectLocality = LOCAL]","details":"$hashvalue_61 := combine_hash(BIGINT'0', COALESCE($operator$hash_code(orderkey), BIGINT'0')) (13:9)\ncustkey_0 := tpch:custkey (13:9)\norderkey := tpch:orderkey (13:9)\norderdate := tpch:orderdate (13:9)\ntpch:orderstatus\n    :: [[\"F\"], [\"O\"], [\"P\"]]\n","children":[],"remoteSources":[]}],"remoteSources":[]}],"remoteSources":[]}],"remoteSources":[]}],"remoteSources":[]}],"remoteSources":[]}],"remoteSources":[]}],"remoteSources":[]},{"id":"820","name":"LocalExchange","identifier":"[HASH][$hashvalue_64] (nationkey_6)","details":"","children":[{"id":"718","name":"RemoteStreamingExchange","identifier":"[REPLICATE]","details":"","children":[{"id":"917","name":"ScanProject","identifier":"[table = TableHandle {connectorId='tpch', connectorHandle='nation:sf0.01', layout='Optional[nation:sf0.01]'}, projectLocality = LOCAL]","details":"$hashvalue_66 := combine_hash(BIGINT'0', COALESCE($operator$hash_code(nationkey_6), BIGINT'0')) (15:9)\nname_7 := tpch:name (15:9)\nnationkey_6 := tpch:nationkey (15:9)\n","children":[],"remoteSources":[]}],"remoteSources":[]}],"remoteSources":[]}],"remoteSources":[]}],"remoteSources":[]}],"remoteSources":[]}],"remoteSources":[]}],"remoteSources":[]}],"remoteSources":[]}],"remoteSources":[]}],"remoteSources":[]}],"remoteSources":[]}],"remoteSources":[]}],"remoteSources":[]}],"remoteSources":[]})JSON";
static constexpr const char *plan_b = R"JSON({"id":"18","name":"Output","identifier":"[custkey, name, revenue, acctbal, name, address, phone, comment]","details":"revenue := sum (5:9)\nname := name_7 (7:9)\n","children":[{"id":"620","name":"TopN","identifier":"[20 by (sum DESC_NULLS_LAST)]","details":"","children":[{"id":"821","name":"LocalExchange","identifier":"[SINGLE] ()","details":"","children":[{"id":"719","name":"RemoteStreamingExchange","identifier":"[GATHER]","details":"","children":[{"id":"619","name":"TopNPartial","identifier":"[20 by (sum DESC_NULLS_LAST)]","details":"","children":[{"id":"917","name":"Project","identifier":"[projectLocality = LOCAL]","details":"","children":[{"id":"10","name":"Aggregate(FINAL)[custkey, name, acctbal, phone, name_7, address, comment][$hashvalue]","identifier":"","details":"sum := \"presto.default.sum\"((sum_54)) (5:9)\n","children":[{"id":"851","name":"LocalExchange","identifier":"[HASH][$hashvalue] (custkey, name, acctbal, phone, name_7, address, comment)","details":"","children":[{"id":"857","name":"RemoteStreamingExchange","identifier":"[REPARTITION][$hashvalue_55]","details":"","children":[{"id":"855","name":"Aggregate(PARTIAL)[custkey, name, acctbal, phone, name_7, address, comment][$hashvalue_67]","identifier":"","details":"sum_54 := \"presto.default.sum\"((expr_16)) (5:9)\n","children":[{"id":"8","name":"Project","identifier":"[projectLocality = LOCAL]","details":"expr_16 := (extendedprice) * ((DOUBLE'1.0') - (discount)) (14:10)\n$hashvalue_67 := combine_hash(combine_hash(combine_hash(combine_hash(combine_hash(combine_hash(combine_hash(BIGINT'0', COALESCE($operator$hash_code(custkey), BIGINT'0')), COALESCE($operator$hash_code(name), BIGINT'0')), COALESCE($operator$hash_code(acctbal), BIGINT'0')), COALESCE($operator$hash_code(phone), BIGINT'0')), COALESCE($operator$hash_code(name_7), BIGINT'0')), COALESCE($operator$hash_code(address), BIGINT'0')), COALESCE($operator$hash_code(comment), BIGINT'0')) (12:10)\n","children":[{"id":"642","name":"InnerJoin","identifier":"[(\"nationkey\" = \"nationkey_6\")][$hashvalue_63, $hashvalue_64]","details":"Distribution: REPLICATED\n","children":[{"id":"915","name":"Project","identifier":"[projectLocality = LOCAL]","details":"$hashvalue_63 := combine_hash(BIGINT'0', COALESCE($operator$hash_code(nationkey), BIGINT'0')) (12:10)\n","children":[{"id":"640","name":"InnerJoin","identifier":"[(\"custkey\" = \"custkey_0\")][$hashvalue_56, $hashvalue_57]","details":"Distribution: REPLICATED\n","children":[{"id":"913","name":"ScanProject","identifier":"[table = TableHandle {connectorId='tpch', connectorHandle='customer:sf0.01', layout='Optional[customer:sf0.01]'}, projectLocality = LOCAL]","details":"$hashvalue_56 := combine_hash(BIGINT'0', COALESCE($operator$hash_code(custkey), BIGINT'0')) (12:10)\ncomment := tpch:comment (12:9)\nnationkey := tpch:nationkey (12:9)\nname := tpch:name (12:9)\nacctbal := tpch:acctbal (12:9)\nphone := tpch:phone (12:9)\ncustkey := tpch:custkey (12:9)\naddress := tpch:address (12:9)\n","children":[],"remoteSources":[]},{"id":"818","name":"LocalExchange","identifier":"[HASH][$hashvalue_57] (custkey_0)","details":"","children":[{"id":"716","name":"RemoteStreamingExchange","identifier":"[REPLICATE]","details":"","children":[{"id":"914","name":"Project","identifier":"[projectLocality = LOCAL]","details":"$hashvalue_62 := combine_hash(BIGINT'0', COALESCE($operator$hash_code(custkey_0), BIGINT'0')) (13:9)\n","children":[{"id":"639","name":"InnerJoin","identifier":"[(\"orderkey_3\" = \"orderkey\")][$hashvalue_59, $hashvalue_60]","details":"Distribution: PARTITIONED\n","children":[{"id":"312","name":"ScanFilterProject","identifier":"[table = TableHandle {connectorId='tpch', connectorHandle='lineitem:sf0.01', layout='Optional[lineitem:sf0.01]'}, filterPredicate = (returnflag) = (VARCHAR'R'), projectLocality = LOCAL]","details":"$hashvalue_59 := combine_hash(BIGINT'0', COALESCE($operator$hash_code(orderkey_3), BIGINT'0')) (14:9)\nextendedprice := tpch:extendedprice (14:9)\nreturnflag := tpch:returnflag (14:9)\norderkey_3 := tpch:orderkey (14:9)\ndiscount := tpch:discount (14:9)\n","children":[],"remoteSources":[]},{"id":"817","name":"LocalExchange","identifier":"[HASH][$hashvalue_60] (orderkey)","details":"","children":[{"id":"309","name":"ScanFilterProject","identifier":"[table = TableHandle {connectorId='tpch', connectorHandle='orders:sf0.01', layout='Optional[orders:sf0.01]'}, filterPredicate = ((orderdate) >= (DATE'1993-10-01')) AND ((orderdate) < (DATE'1994-01-01')), projectLocality = LOCAL]","details":"$hashvalue_61 := combine_hash(BIGINT'0', COALESCE($operator$hash_code(orderkey), BIGINT'0')) (13:9)\ncustkey_0 := tpch:custkey (13:9)\norderkey := tpch:orderkey (13:9)\norderdate := tpch:orderdate (13:9)\ntpch:orderstatus\n    :: [[\"F\"], [\"O\"], [\"P\"]]\n","children":[],"remoteSources":[]}],"remoteSources":[]}],"remoteSources":[]}],"remoteSources":[]}],"remoteSources":[]}],"remoteSources":[]}],"remoteSources":[]}],"remoteSources":[]},{"id":"819","name":"LocalExchange","identifier":"[HASH][$hashvalue_64] (nationkey_6)","details":"","children":[{"id":"717","name":"RemoteStreamingExchange","identifier":"[REPLICATE]","details":"","children":[{"id":"916","name":"ScanProject","identifier":"[table = TableHandle {connectorId='tpch', connectorHandle='nation:sf0.01', layout='Optional[nation:sf0.01]'}, projectLocality = LOCAL]","details":"$hashvalue_66 := combine_hash(BIGINT'0', COALESCE($operator$hash_code(nationkey_6), BIGINT'0')) (15:9)\nname_7 := tpch:name (15:9)\nnationkey_6 := tpch:nationkey (15:9)\n","children":[],"remoteSources":[]}],"remoteSources":[]}],"remoteSources":[]}],"remoteSources":[]}],"remoteSources":[]}],"remoteSources":[]}],"remoteSources":[]}],"remoteSources":[]}],"remoteSources":[]}],"remoteSources":[]}],"remoteSources":[]}],"remoteSources":[]}],"remoteSources":[]}],"remoteSources":[]}],"remoteSources":[]})JSON";
}// namespace presto
//---------------------------------------------------------------------------
}// namespace data